0 info it worked if it ends with ok
1 verbose cli [ 'D:\\nodejs\\node.exe',
1 verbose cli   'D:\\nodejs\\node_modules\\npm\\bin\\npm-cli.js',
1 verbose cli   'install',
1 verbose cli   'https://github.com/CodeFalling/hexo-asset-image',
1 verbose cli   '--save' ]
2 info using npm@2.15.9
3 info using node@v4.5.0
4 verbose install initial load of G:\github_tools\MyBlog\package.json
5 verbose installManyTop reading scoped package data from G:\github_tools\MyBlog\node_modules\hexo\package.json
6 verbose installManyTop reading scoped package data from G:\github_tools\MyBlog\node_modules\hexo-deployer-git\package.json
7 verbose installManyTop reading scoped package data from G:\github_tools\MyBlog\node_modules\hexo-generator-archive\package.json
8 verbose installManyTop reading scoped package data from G:\github_tools\MyBlog\node_modules\hexo-generator-category\package.json
9 verbose installManyTop reading scoped package data from G:\github_tools\MyBlog\node_modules\hexo-generator-index\package.json
10 verbose installManyTop reading scoped package data from G:\github_tools\MyBlog\node_modules\hexo-generator-tag\package.json
11 verbose installManyTop reading scoped package data from G:\github_tools\MyBlog\node_modules\hexo-renderer-ejs\package.json
12 verbose installManyTop reading scoped package data from G:\github_tools\MyBlog\node_modules\hexo-renderer-marked\package.json
13 verbose installManyTop reading scoped package data from G:\github_tools\MyBlog\node_modules\hexo-renderer-stylus\package.json
14 verbose installManyTop reading scoped package data from G:\github_tools\MyBlog\node_modules\hexo-server\package.json
15 verbose readDependencies loading dependencies from G:\github_tools\MyBlog\package.json
16 silly cache add args [ 'https://github.com/CodeFalling/hexo-asset-image', null ]
17 verbose cache add spec https://github.com/CodeFalling/hexo-asset-image
18 silly cache add parsed spec Result {
18 silly cache add   raw: 'https://github.com/CodeFalling/hexo-asset-image',
18 silly cache add   scope: null,
18 silly cache add   name: null,
18 silly cache add   rawSpec: 'https://github.com/CodeFalling/hexo-asset-image',
18 silly cache add   spec: 'git+https://github.com/CodeFalling/hexo-asset-image.git',
18 silly cache add   type: 'hosted',
18 silly cache add   hosted:
18 silly cache add    { type: 'github',
18 silly cache add      ssh: 'git@github.com:CodeFalling/hexo-asset-image.git',
18 silly cache add      sshUrl: 'git+ssh://git@github.com/CodeFalling/hexo-asset-image.git',
18 silly cache add      httpsUrl: 'git+https://github.com/CodeFalling/hexo-asset-image.git',
18 silly cache add      gitUrl: 'git://github.com/CodeFalling/hexo-asset-image.git',
18 silly cache add      shortcut: 'github:CodeFalling/hexo-asset-image',
18 silly cache add      directUrl: 'https://raw.githubusercontent.com/CodeFalling/hexo-asset-image/master/package.json' } }
19 verbose addRemoteGit caching https://github.com/CodeFalling/hexo-asset-image
20 verbose addRemoteGit git+https://github.com/CodeFalling/hexo-asset-image.git is a repository hosted by github
21 silly tryClone cloning git+https://github.com/CodeFalling/hexo-asset-image.git via git+https://github.com/CodeFalling/hexo-asset-image.git
22 verbose tryClone https-github-com-CodeFalling-hexo-asset-image-git-1ee6dc93 not in flight; caching
23 verbose correctMkdir C:\Users\tzc\AppData\Roaming\npm-cache\_git-remotes correctMkdir not in flight; initializing
24 verbose makeDirectory C:\Users\tzc\AppData\Roaming\npm-cache\_git-remotes creation not in flight; initializing
25 verbose makeCacheDir UID & GID are irrelevant on win32
26 info git [ 'clone',
26 info git   '--template=C:\\Users\\tzc\\AppData\\Roaming\\npm-cache\\_git-remotes\\_templates',
26 info git   '--mirror',
26 info git   'https://github.com/CodeFalling/hexo-asset-image.git',
26 info git   'C:\\Users\\tzc\\AppData\\Roaming\\npm-cache\\_git-remotes\\https-github-com-CodeFalling-hexo-asset-image-git-1ee6dc93' ]
27 error git clone --template=C:\Users\tzc\AppData\Roaming\npm-cache\_git-remotes\_templates --mirror https://github.com/CodeFalling/hexo-asset-image.git C:\Users\tzc\AppData\Roaming\npm-cache\_git-remotes\https-github-com-CodeFalling-hexo-asset-image-git-1ee6dc93: Cloning into bare repository 'C:\Users\tzc\AppData\Roaming\npm-cache\_git-remotes\https-github-com-CodeFalling-hexo-asset-image-git-1ee6dc93'...
27 error git clone --template=C:\Users\tzc\AppData\Roaming\npm-cache\_git-remotes\_templates --mirror https://github.com/CodeFalling/hexo-asset-image.git C:\Users\tzc\AppData\Roaming\npm-cache\_git-remotes\https-github-com-CodeFalling-hexo-asset-image-git-1ee6dc93: fatal: The remote end hung up unexpectedly
28 verbose stack Error: Command failed: git -c core.longpaths=true clone --template=C:\Users\tzc\AppData\Roaming\npm-cache\_git-remotes\_templates --mirror https://github.com/CodeFalling/hexo-asset-image.git C:\Users\tzc\AppData\Roaming\npm-cache\_git-remotes\https-github-com-CodeFalling-hexo-asset-image-git-1ee6dc93
28 verbose stack Cloning into bare repository 'C:\Users\tzc\AppData\Roaming\npm-cache\_git-remotes\https-github-com-CodeFalling-hexo-asset-image-git-1ee6dc93'...
28 verbose stack fatal: The remote end hung up unexpectedly
28 verbose stack
28 verbose stack     at ChildProcess.exithandler (child_process.js:213:12)
28 verbose stack     at emitTwo (events.js:87:13)
28 verbose stack     at ChildProcess.emit (events.js:172:7)
28 verbose stack     at maybeClose (internal/child_process.js:829:16)
28 verbose stack     at Socket.<anonymous> (internal/child_process.js:319:11)
28 verbose stack     at emitOne (events.js:77:13)
28 verbose stack     at Socket.emit (events.js:169:7)
28 verbose stack     at Pipe._onclose (net.js:486:12)
29 verbose cwd G:\github_tools\MyBlog
30 error Windows_NT 6.1.7601
31 error argv "D:\\nodejs\\node.exe" "D:\\nodejs\\node_modules\\npm\\bin\\npm-cli.js" "install" "https://github.com/CodeFalling/hexo-asset-image" "--save"
32 error node v4.5.0
33 error npm  v2.15.9
34 error code 128
35 error Command failed: git -c core.longpaths=true clone --template=C:\Users\tzc\AppData\Roaming\npm-cache\_git-remotes\_templates --mirror https://github.com/CodeFalling/hexo-asset-image.git C:\Users\tzc\AppData\Roaming\npm-cache\_git-remotes\https-github-com-CodeFalling-hexo-asset-image-git-1ee6dc93
35 error Cloning into bare repository 'C:\Users\tzc\AppData\Roaming\npm-cache\_git-remotes\https-github-com-CodeFalling-hexo-asset-image-git-1ee6dc93'...
35 error fatal: The remote end hung up unexpectedly
36 error If you need help, you may report this error at:
36 error     <https://github.com/npm/npm/issues>
37 verbose exit [ 1, true ]
